<?xml version="1.0" encoding="UTF-8"?>
<!-- Generated by org.testng.reporters.JUnitXMLReporter -->
<testsuite ignored="0" hostname="lam-2.local" failures="2" tests="3" name="Calculator Test" time="0.073" errors="0" timestamp="2025-04-14T16:23:18 ICT">
  <testcase classname="Lab8_kiemthu.calculator.CalculatorTest" name="testAdd" time="0.017">
    <failure type="java.lang.AssertionError" message="expected [2] but found [5]">
      <![CDATA[java.lang.AssertionError: expected [2] but found [5]
at Lab8_kiemthu.calculator.CalculatorTest.testAdd(CalculatorTest.java:13)
at java.base/java.util.ArrayList.forEach(ArrayList.java:1596)
... Removed 32 stack frames]]>
    </failure>
  </testcase> <!-- testAdd -->
  <testcase classname="Lab8_kiemthu.calculator.CalculatorTest" name="testAdd2" time="0.001">
    <failure type="java.lang.AssertionError" message="expected [2] but found [5]">
      <![CDATA[java.lang.AssertionError: expected [2] but found [5]
at Lab8_kiemthu.calculator.CalculatorTest.testAdd2(CalculatorTest.java:17)
at java.base/java.util.ArrayList.forEach(ArrayList.java:1596)
... Removed 32 stack frames]]>
    </failure>
  </testcase> <!-- testAdd2 -->
  <testcase classname="Lab8_kiemthu.calculator.CalculatorTest" name="testSubtract" time="0.002"/>
</testsuite> <!-- Calculator Test -->
