<?xml version="1.0" encoding="UTF-8"?>
<testng-results ignored="0" total="2" passed="2" failed="0" skipped="0">
  <reporter-output>
  </reporter-output>
  <suite started-at="2025-04-09T13:20:10 ICT" name="Default suite" finished-at="2025-04-09T13:20:10 ICT" duration-ms="42">
    <groups>
    </groups>
    <test started-at="2025-04-09T13:20:10 ICT" name="Default test" finished-at="2025-04-09T13:20:10 ICT" duration-ms="42">
      <class name="Lab8_kiemthu.calculator.CalculatorTest">
        <test-method signature="testAdd()[pri:0, instance:Lab8_kiemthu.calculator.CalculatorTest@5340477f]" started-at="2025-04-09T13:20:10 ICT" name="testAdd" finished-at="2025-04-09T13:20:10 ICT" duration-ms="8" status="PASS">
          <reporter-output>
          </reporter-output>
        </test-method> <!-- testAdd -->
        <test-method signature="testSubtract()[pri:0, instance:Lab8_kiemthu.calculator.CalculatorTest@5340477f]" started-at="2025-04-09T13:20:10 ICT" name="testSubtract" finished-at="2025-04-09T13:20:10 ICT" duration-ms="1" status="PASS">
          <reporter-output>
          </reporter-output>
        </test-method> <!-- testSubtract -->
      </class> <!-- Lab8_kiemthu.calculator.CalculatorTest -->
    </test> <!-- Default test -->
  </suite> <!-- Default suite -->
</testng-results>
